no geo support:ebi7 at /home/tomyhero/Twist/lib/Twist/Stream.pm line 59.
no geo support:teilnehmen at /home/tomyhero/Twist/lib/Twist/Stream.pm line 59.
no geo support:941 at /home/tomyhero/Twist/lib/Twist/Stream.pm line 59.
no geo support:hisaichi5518 at /home/tomyhero/Twist/lib/Twist/Stream.pm line 59.
no geo support:hisaichi5518 at /home/tomyhero/Twist/lib/Twist/Stream.pm line 59.
no geo support:teilnehmen at /home/tomyhero/Twist/lib/Twist/Stream.pm line 59.
no geo support:hisaichi5518 at /home/tomyhero/Twist/lib/Twist/Stream.pm line 59.
no geo support:941 at /home/tomyhero/Twist/lib/Twist/Stream.pm line 59.
no geo support:hisaichi5518 at /home/tomyhero/Twist/lib/Twist/Stream.pm line 59.
no geo support:danchi at /home/tomyhero/Twist/lib/Twist/Stream.pm line 59.
Use of uninitialized value in concatenation (.) or string at /home/tomyhero/Twist/lib/Twist/Stream.pm line 59.
no geo support: at /home/tomyhero/Twist/lib/Twist/Stream.pm line 59.
no geo support:danchi at /home/tomyhero/Twist/lib/Twist/Stream.pm line 59.
no geo support:ya_k0 at /home/tomyhero/Twist/lib/Twist/Stream.pm line 59.
no geo support:941 at /home/tomyhero/Twist/lib/Twist/Stream.pm line 59.
no geo support:ya_k0 at /home/tomyhero/Twist/lib/Twist/Stream.pm line 59.
no geo support:teilnehmen at /home/tomyhero/Twist/lib/Twist/Stream.pm line 59.
no geo support:hisaichi5518 at /home/tomyhero/Twist/lib/Twist/Stream.pm line 59.
posted by:macotaka at /home/tomyhero/Twist/lib/Twist/Stream.pm line 56.
no geo support:hisaichi5518 at /home/tomyhero/Twist/lib/Twist/Stream.pm line 59.
no geo support:hisaichi5518 at /home/tomyhero/Twist/lib/Twist/Stream.pm line 59.
no geo support:hisaichi5518 at /home/tomyhero/Twist/lib/Twist/Stream.pm line 59.
no geo support:hisaichi5518 at /home/tomyhero/Twist/lib/Twist/Stream.pm line 59.
posted by:macotaka at /home/tomyhero/Twist/lib/Twist/Stream.pm line 56.
no geo support:macotaka at /home/tomyhero/Twist/lib/Twist/Stream.pm line 59.
no geo support:strapya_next at /home/tomyhero/Twist/lib/Twist/Stream.pm line 59.
no geo support:941 at /home/tomyhero/Twist/lib/Twist/Stream.pm line 59.
no geo support:danbesan at /home/tomyhero/Twist/lib/Twist/Stream.pm line 59.
no geo support:akinko_yokohama at /home/tomyhero/Twist/lib/Twist/Stream.pm line 59.
posted by:danbesan at /home/tomyhero/Twist/lib/Twist/Stream.pm line 56.
posted by:danbesan at /home/tomyhero/Twist/lib/Twist/Stream.pm line 56.
posted by:danbesan at /home/tomyhero/Twist/lib/Twist/Stream.pm line 56.
no geo support:danbesan at /home/tomyhero/Twist/lib/Twist/Stream.pm line 59.
posted by:danbesan at /home/tomyhero/Twist/lib/Twist/Stream.pm line 56.
posted by:danbesan at /home/tomyhero/Twist/lib/Twist/Stream.pm line 56.
posted by:danbesan at /home/tomyhero/Twist/lib/Twist/Stream.pm line 56.
posted by:danbesan at /home/tomyhero/Twist/lib/Twist/Stream.pm line 56.
posted by:danbesan at /home/tomyhero/Twist/lib/Twist/Stream.pm line 56.
posted by:danbesan at /home/tomyhero/Twist/lib/Twist/Stream.pm line 56.
posted by:danbesan at /home/tomyhero/Twist/lib/Twist/Stream.pm line 56.
posted by:danbesan at /home/tomyhero/Twist/lib/Twist/Stream.pm line 56.
posted by:danbesan at /home/tomyhero/Twist/lib/Twist/Stream.pm line 56.
posted by:danbesan at /home/tomyhero/Twist/lib/Twist/Stream.pm line 56.
posted by:Popzappa at /home/tomyhero/Twist/lib/Twist/Stream.pm line 56.
no geo support:Popzappa at /home/tomyhero/Twist/lib/Twist/Stream.pm line 59.
posted by:danbesan at /home/tomyhero/Twist/lib/Twist/Stream.pm line 56.
posted by:danbesan at /home/tomyhero/Twist/lib/Twist/Stream.pm line 56.
posted by:Popzappa at /home/tomyhero/Twist/lib/Twist/Stream.pm line 56.
no geo support:Popzappa at /home/tomyhero/Twist/lib/Twist/Stream.pm line 59.
no geo support:danbesan at /home/tomyhero/Twist/lib/Twist/Stream.pm line 59.
no geo support:941 at /home/tomyhero/Twist/lib/Twist/Stream.pm line 59.
posted by:macotaka at /home/tomyhero/Twist/lib/Twist/Stream.pm line 56.
no geo support:macotaka at /home/tomyhero/Twist/lib/Twist/Stream.pm line 59.
no geo support:941 at /home/tomyhero/Twist/lib/Twist/Stream.pm line 59.
posted by:macotaka at /home/tomyhero/Twist/lib/Twist/Stream.pm line 56.
no geo support:macotaka at /home/tomyhero/Twist/lib/Twist/Stream.pm line 59.
posted by:macotaka at /home/tomyhero/Twist/lib/Twist/Stream.pm line 56.
posted by:macotaka at /home/tomyhero/Twist/lib/Twist/Stream.pm line 56.
no geo support:danbesan at /home/tomyhero/Twist/lib/Twist/Stream.pm line 59.
no geo support:hisaichi5518 at /home/tomyhero/Twist/lib/Twist/Stream.pm line 59.
no geo support:hisaichi5518 at /home/tomyhero/Twist/lib/Twist/Stream.pm line 59.
no geo support:danbesan at /home/tomyhero/Twist/lib/Twist/Stream.pm line 59.
posted by:macotaka at /home/tomyhero/Twist/lib/Twist/Stream.pm line 56.
posted by:macotaka at /home/tomyhero/Twist/lib/Twist/Stream.pm line 56.
no geo support:Popzappa at /home/tomyhero/Twist/lib/Twist/Stream.pm line 59.
no geo support:hisaichi5518 at /home/tomyhero/Twist/lib/Twist/Stream.pm line 59.
no geo support:danbesan at /home/tomyhero/Twist/lib/Twist/Stream.pm line 59.
no geo support:danbesan at /home/tomyhero/Twist/lib/Twist/Stream.pm line 59.
no geo support:danbesan at /home/tomyhero/Twist/lib/Twist/Stream.pm line 59.
no geo support:danbesan at /home/tomyhero/Twist/lib/Twist/Stream.pm line 59.
no geo support:sisinta51 at /home/tomyhero/Twist/lib/Twist/Stream.pm line 59.
no geo support:941 at /home/tomyhero/Twist/lib/Twist/Stream.pm line 59.
posted by:macotaka at /home/tomyhero/Twist/lib/Twist/Stream.pm line 56.
posted by:macotaka at /home/tomyhero/Twist/lib/Twist/Stream.pm line 56.
no geo support:danbesan at /home/tomyhero/Twist/lib/Twist/Stream.pm line 59.
no geo support:danbesan at /home/tomyhero/Twist/lib/Twist/Stream.pm line 59.
no geo support:cbcross at /home/tomyhero/Twist/lib/Twist/Stream.pm line 59.
no geo support:ysp at /home/tomyhero/Twist/lib/Twist/Stream.pm line 59.
no geo support:sisinta51 at /home/tomyhero/Twist/lib/Twist/Stream.pm line 59.
no geo support:hisaichi5518 at /home/tomyhero/Twist/lib/Twist/Stream.pm line 59.
no geo support:SHU_CUBE at /home/tomyhero/Twist/lib/Twist/Stream.pm line 59.
no geo support:danbesan at /home/tomyhero/Twist/lib/Twist/Stream.pm line 59.
posted by:macotaka at /home/tomyhero/Twist/lib/Twist/Stream.pm line 56.
no geo support:sisinta51 at /home/tomyhero/Twist/lib/Twist/Stream.pm line 59.
no geo support:hisaichi5518 at /home/tomyhero/Twist/lib/Twist/Stream.pm line 59.
no geo support:hisaichi5518 at /home/tomyhero/Twist/lib/Twist/Stream.pm line 59.
posted by:macotaka at /home/tomyhero/Twist/lib/Twist/Stream.pm line 56.
no geo support:hisaichi5518 at /home/tomyhero/Twist/lib/Twist/Stream.pm line 59.
no geo support:hisaichi5518 at /home/tomyhero/Twist/lib/Twist/Stream.pm line 59.
no geo support:danbesan at /home/tomyhero/Twist/lib/Twist/Stream.pm line 59.
no geo support:hisaichi5518 at /home/tomyhero/Twist/lib/Twist/Stream.pm line 59.
no geo support:941 at /home/tomyhero/Twist/lib/Twist/Stream.pm line 59.
no geo support:941 at /home/tomyhero/Twist/lib/Twist/Stream.pm line 59.
no geo support:941 at /home/tomyhero/Twist/lib/Twist/Stream.pm line 59.
no geo support:hisaichi5518 at /home/tomyhero/Twist/lib/Twist/Stream.pm line 59.
no geo support:hisaichi5518 at /home/tomyhero/Twist/lib/Twist/Stream.pm line 59.
posted by:macotaka at /home/tomyhero/Twist/lib/Twist/Stream.pm line 56.
posted by:macotaka at /home/tomyhero/Twist/lib/Twist/Stream.pm line 56.
posted by:macotaka at /home/tomyhero/Twist/lib/Twist/Stream.pm line 56.
no geo support:naopit at /home/tomyhero/Twist/lib/Twist/Stream.pm line 59.
no geo support:hisaichi5518 at /home/tomyhero/Twist/lib/Twist/Stream.pm line 59.
posted by:tzmtk at /home/tomyhero/Twist/lib/Twist/Stream.pm line 56.
posted by:macotaka at /home/tomyhero/Twist/lib/Twist/Stream.pm line 56.
no geo support:hisaichi5518 at /home/tomyhero/Twist/lib/Twist/Stream.pm line 59.
no geo support:hisaichi5518 at /home/tomyhero/Twist/lib/Twist/Stream.pm line 59.
no geo support:hisaichi5518 at /home/tomyhero/Twist/lib/Twist/Stream.pm line 59.
no geo support:tzmtk at /home/tomyhero/Twist/lib/Twist/Stream.pm line 59.
no geo support:tzmtk at /home/tomyhero/Twist/lib/Twist/Stream.pm line 59.
no geo support:tzmtk at /home/tomyhero/Twist/lib/Twist/Stream.pm line 59.
no geo support:danchi at /home/tomyhero/Twist/lib/Twist/Stream.pm line 59.
no geo support:tomyhero at /home/tomyhero/Twist/lib/Twist/Stream.pm line 59.
no geo support:hisaichi5518 at /home/tomyhero/Twist/lib/Twist/Stream.pm line 59.
no geo support:hisaichi5518 at /home/tomyhero/Twist/lib/Twist/Stream.pm line 59.
no geo support:hisaichi5518 at /home/tomyhero/Twist/lib/Twist/Stream.pm line 59.
posted by:hisaichi5518 at /home/tomyhero/Twist/lib/Twist/Stream.pm line 56.
no geo support:hisaichi5518 at /home/tomyhero/Twist/lib/Twist/Stream.pm line 59.
no geo support:h1r0_w at /home/tomyhero/Twist/lib/Twist/Stream.pm line 59.
no geo support:hisaichi5518 at /home/tomyhero/Twist/lib/Twist/Stream.pm line 59.
no geo support:hisaichi5518 at /home/tomyhero/Twist/lib/Twist/Stream.pm line 59.
no geo support:h1r0_w at /home/tomyhero/Twist/lib/Twist/Stream.pm line 59.
no geo support:ssm_tkk at /home/tomyhero/Twist/lib/Twist/Stream.pm line 59.
no geo support:hisaichi5518 at /home/tomyhero/Twist/lib/Twist/Stream.pm line 59.
no geo support:teilnehmen at /home/tomyhero/Twist/lib/Twist/Stream.pm line 59.
no geo support:hisaichi5518 at /home/tomyhero/Twist/lib/Twist/Stream.pm line 59.
no geo support:hirokazu_nishi at /home/tomyhero/Twist/lib/Twist/Stream.pm line 59.
no geo support:hisaichi5518 at /home/tomyhero/Twist/lib/Twist/Stream.pm line 59.
no geo support:teilnehmen at /home/tomyhero/Twist/lib/Twist/Stream.pm line 59.
no geo support:hisaichi5518 at /home/tomyhero/Twist/lib/Twist/Stream.pm line 59.
no geo support:hisaichi5518 at /home/tomyhero/Twist/lib/Twist/Stream.pm line 59.
no geo support:danbesan at /home/tomyhero/Twist/lib/Twist/Stream.pm line 59.
no geo support:kaorinrin0717 at /home/tomyhero/Twist/lib/Twist/Stream.pm line 59.
no geo support:danbesan at /home/tomyhero/Twist/lib/Twist/Stream.pm line 59.
no geo support:fujifuG at /home/tomyhero/Twist/lib/Twist/Stream.pm line 59.
no geo support:danbesan at /home/tomyhero/Twist/lib/Twist/Stream.pm line 59.
no geo support:danbesan at /home/tomyhero/Twist/lib/Twist/Stream.pm line 59.
no geo support:kaorinrin0717 at /home/tomyhero/Twist/lib/Twist/Stream.pm line 59.
no geo support:danbesan at /home/tomyhero/Twist/lib/Twist/Stream.pm line 59.
no geo support:akinko_yokohama at /home/tomyhero/Twist/lib/Twist/Stream.pm line 59.
no geo support:danbesan at /home/tomyhero/Twist/lib/Twist/Stream.pm line 59.
no geo support:kaorinrin0717 at /home/tomyhero/Twist/lib/Twist/Stream.pm line 59.
no geo support:danbesan at /home/tomyhero/Twist/lib/Twist/Stream.pm line 59.
no geo support:hisaichi5518 at /home/tomyhero/Twist/lib/Twist/Stream.pm line 59.
no geo support:hisaichi5518 at /home/tomyhero/Twist/lib/Twist/Stream.pm line 59.
no geo support:hisaichi5518 at /home/tomyhero/Twist/lib/Twist/Stream.pm line 59.
no geo support:hisaichi5518 at /home/tomyhero/Twist/lib/Twist/Stream.pm line 59.
no geo support:suzuki at /home/tomyhero/Twist/lib/Twist/Stream.pm line 59.
no geo support:hisaichi5518 at /home/tomyhero/Twist/lib/Twist/Stream.pm line 59.
no geo support:danbesan at /home/tomyhero/Twist/lib/Twist/Stream.pm line 59.
no geo support:hisaichi5518 at /home/tomyhero/Twist/lib/Twist/Stream.pm line 59.
no geo support:hisaichi5518 at /home/tomyhero/Twist/lib/Twist/Stream.pm line 59.
no geo support:danbesan at /home/tomyhero/Twist/lib/Twist/Stream.pm line 59.
no geo support:hisaichi5518 at /home/tomyhero/Twist/lib/Twist/Stream.pm line 59.
no geo support:anchan1027 at /home/tomyhero/Twist/lib/Twist/Stream.pm line 59.
no geo support:danbesan at /home/tomyhero/Twist/lib/Twist/Stream.pm line 59.
no geo support:h1r0_w at /home/tomyhero/Twist/lib/Twist/Stream.pm line 59.
no geo support:danbesan at /home/tomyhero/Twist/lib/Twist/Stream.pm line 59.
no geo support:hisaichi5518 at /home/tomyhero/Twist/lib/Twist/Stream.pm line 59.
no geo support:Silcot_ at /home/tomyhero/Twist/lib/Twist/Stream.pm line 59.
posted by:hisaichi5518 at /home/tomyhero/Twist/lib/Twist/Stream.pm line 56.
no geo support:gwii_kurihama at /home/tomyhero/Twist/lib/Twist/Stream.pm line 59.
no geo support:Ryutheyl at /home/tomyhero/Twist/lib/Twist/Stream.pm line 59.
no geo support:hisaichi5518 at /home/tomyhero/Twist/lib/Twist/Stream.pm line 59.
no geo support:nojimage at /home/tomyhero/Twist/lib/Twist/Stream.pm line 59.
no geo support:danbesan at /home/tomyhero/Twist/lib/Twist/Stream.pm line 59.
no geo support:taka388 at /home/tomyhero/Twist/lib/Twist/Stream.pm line 59.
no geo support:teilnehmen at /home/tomyhero/Twist/lib/Twist/Stream.pm line 59.
no geo support:teilnehmen at /home/tomyhero/Twist/lib/Twist/Stream.pm line 59.
no geo support:danbesan at /home/tomyhero/Twist/lib/Twist/Stream.pm line 59.
posted by:macotaka at /home/tomyhero/Twist/lib/Twist/Stream.pm line 56.
no geo support:teilnehmen at /home/tomyhero/Twist/lib/Twist/Stream.pm line 59.
no geo support:teilnehmen at /home/tomyhero/Twist/lib/Twist/Stream.pm line 59.
no geo support:macotaka at /home/tomyhero/Twist/lib/Twist/Stream.pm line 59.
no geo support:teilnehmen at /home/tomyhero/Twist/lib/Twist/Stream.pm line 59.
no geo support:teilnehmen at /home/tomyhero/Twist/lib/Twist/Stream.pm line 59.
no geo support:teilnehmen at /home/tomyhero/Twist/lib/Twist/Stream.pm line 59.
no geo support:shin1x1 at /home/tomyhero/Twist/lib/Twist/Stream.pm line 59.
posted by:941 at /home/tomyhero/Twist/lib/Twist/Stream.pm line 56.
no geo support:941 at /home/tomyhero/Twist/lib/Twist/Stream.pm line 59.
no geo support:941 at /home/tomyhero/Twist/lib/Twist/Stream.pm line 59.
no geo support:komutann at /home/tomyhero/Twist/lib/Twist/Stream.pm line 59.
no geo support:941 at /home/tomyhero/Twist/lib/Twist/Stream.pm line 59.
no geo support:vkgtaro at /home/tomyhero/Twist/lib/Twist/Stream.pm line 59.
no geo support:danbesan at /home/tomyhero/Twist/lib/Twist/Stream.pm line 59.
no geo support:hamanohiro at /home/tomyhero/Twist/lib/Twist/Stream.pm line 59.
no geo support:danbesan at /home/tomyhero/Twist/lib/Twist/Stream.pm line 59.
Use of uninitialized value in concatenation (.) or string at /home/tomyhero/Twist/lib/Twist/Stream.pm line 59.
no geo support: at /home/tomyhero/Twist/lib/Twist/Stream.pm line 59.
no geo support:941 at /home/tomyhero/Twist/lib/Twist/Stream.pm line 59.
no geo support:danbesan at /home/tomyhero/Twist/lib/Twist/Stream.pm line 59.
no geo support:danbesan at /home/tomyhero/Twist/lib/Twist/Stream.pm line 59.
no geo support:clock_around at /home/tomyhero/Twist/lib/Twist/Stream.pm line 59.
no geo support:yak at /home/tomyhero/Twist/lib/Twist/Stream.pm line 59.
no geo support:danbesan at /home/tomyhero/Twist/lib/Twist/Stream.pm line 59.
posted by:macotaka at /home/tomyhero/Twist/lib/Twist/Stream.pm line 56.
posted by:macotaka at /home/tomyhero/Twist/lib/Twist/Stream.pm line 56.
no geo support:danbesan at /home/tomyhero/Twist/lib/Twist/Stream.pm line 59.
no geo support:danbesan at /home/tomyhero/Twist/lib/Twist/Stream.pm line 59.
no geo support:okaji at /home/tomyhero/Twist/lib/Twist/Stream.pm line 59.
no geo support:941 at /home/tomyhero/Twist/lib/Twist/Stream.pm line 59.
no geo support:danbesan at /home/tomyhero/Twist/lib/Twist/Stream.pm line 59.
no geo support:hamanohiro at /home/tomyhero/Twist/lib/Twist/Stream.pm line 59.
no geo support:sayama_yuki at /home/tomyhero/Twist/lib/Twist/Stream.pm line 59.
no geo support:komutann at /home/tomyhero/Twist/lib/Twist/Stream.pm line 59.
no geo support:danbesan at /home/tomyhero/Twist/lib/Twist/Stream.pm line 59.
no geo support:danbesan at /home/tomyhero/Twist/lib/Twist/Stream.pm line 59.
posted by:macotaka at /home/tomyhero/Twist/lib/Twist/Stream.pm line 56.
no geo support:macotaka at /home/tomyhero/Twist/lib/Twist/Stream.pm line 59.
no geo support:akinko_yokohama at /home/tomyhero/Twist/lib/Twist/Stream.pm line 59.
posted by:danbesan at /home/tomyhero/Twist/lib/Twist/Stream.pm line 56.
posted by:danbesan at /home/tomyhero/Twist/lib/Twist/Stream.pm line 56.
posted by:danbesan at /home/tomyhero/Twist/lib/Twist/Stream.pm line 56.
no geo support:danbesan at /home/tomyhero/Twist/lib/Twist/Stream.pm line 59.
posted by:danbesan at /home/tomyhero/Twist/lib/Twist/Stream.pm line 56.
posted by:danbesan at /home/tomyhero/Twist/lib/Twist/Stream.pm line 56.
no geo support:danbesan at /home/tomyhero/Twist/lib/Twist/Stream.pm line 59.
no geo support:danbesan at /home/tomyhero/Twist/lib/Twist/Stream.pm line 59.
posted by:danbesan at /home/tomyhero/Twist/lib/Twist/Stream.pm line 56.
no geo support:941 at /home/tomyhero/Twist/lib/Twist/Stream.pm line 59.
no geo support:teilnehmen at /home/tomyhero/Twist/lib/Twist/Stream.pm line 59.
no geo support:teilnehmen at /home/tomyhero/Twist/lib/Twist/Stream.pm line 59.
no geo support:teilnehmen at /home/tomyhero/Twist/lib/Twist/Stream.pm line 59.
posted by:danbesan at /home/tomyhero/Twist/lib/Twist/Stream.pm line 56.
posted by:hisaichi5518 at /home/tomyhero/Twist/lib/Twist/Stream.pm line 56.
no geo support:danbesan at /home/tomyhero/Twist/lib/Twist/Stream.pm line 59.
no geo support:danbesan at /home/tomyhero/Twist/lib/Twist/Stream.pm line 59.
posted by:danbesan at /home/tomyhero/Twist/lib/Twist/Stream.pm line 56.
no geo support:hisaichi5518 at /home/tomyhero/Twist/lib/Twist/Stream.pm line 59.
posted by:danbesan at /home/tomyhero/Twist/lib/Twist/Stream.pm line 56.
posted by:danbesan at /home/tomyhero/Twist/lib/Twist/Stream.pm line 56.
no geo support:hisaichi5518 at /home/tomyhero/Twist/lib/Twist/Stream.pm line 59.
posted by:danbesan at /home/tomyhero/Twist/lib/Twist/Stream.pm line 56.
no geo support:danbesan at /home/tomyhero/Twist/lib/Twist/Stream.pm line 59.
no geo support:hisaichi5518 at /home/tomyhero/Twist/lib/Twist/Stream.pm line 59.
no geo support:danbesan at /home/tomyhero/Twist/lib/Twist/Stream.pm line 59.
posted by:danbesan at /home/tomyhero/Twist/lib/Twist/Stream.pm line 56.
posted by:macotaka at /home/tomyhero/Twist/lib/Twist/Stream.pm line 56.
no geo support:macotaka at /home/tomyhero/Twist/lib/Twist/Stream.pm line 59.
no geo support:Popzappa at /home/tomyhero/Twist/lib/Twist/Stream.pm line 59.
no geo support:Popzappa at /home/tomyhero/Twist/lib/Twist/Stream.pm line 59.
no geo support:danbesan at /home/tomyhero/Twist/lib/Twist/Stream.pm line 59.
no geo support:941 at /home/tomyhero/Twist/lib/Twist/Stream.pm line 59.
no geo support:danbesan at /home/tomyhero/Twist/lib/Twist/Stream.pm line 59.
no geo support:941 at /home/tomyhero/Twist/lib/Twist/Stream.pm line 59.
no geo support:danbesan at /home/tomyhero/Twist/lib/Twist/Stream.pm line 59.
posted by:941 at /home/tomyhero/Twist/lib/Twist/Stream.pm line 56.
posted by:macotaka at /home/tomyhero/Twist/lib/Twist/Stream.pm line 56.
no geo support:941 at /home/tomyhero/Twist/lib/Twist/Stream.pm line 59.
no geo support:oishii_bot2 at /home/tomyhero/Twist/lib/Twist/Stream.pm line 59.
posted by:hisaichi5518 at /home/tomyhero/Twist/lib/Twist/Stream.pm line 56.
no geo support:941 at /home/tomyhero/Twist/lib/Twist/Stream.pm line 59.
no geo support:941 at /home/tomyhero/Twist/lib/Twist/Stream.pm line 59.
no geo support:hisaichi5518 at /home/tomyhero/Twist/lib/Twist/Stream.pm line 59.
no geo support:hisaichi5518 at /home/tomyhero/Twist/lib/Twist/Stream.pm line 59.
posted by:941 at /home/tomyhero/Twist/lib/Twist/Stream.pm line 56.
no geo support:hisaichi5518 at /home/tomyhero/Twist/lib/Twist/Stream.pm line 59.
no geo support:hisaichi5518 at /home/tomyhero/Twist/lib/Twist/Stream.pm line 59.
no geo support:hisaichi5518 at /home/tomyhero/Twist/lib/Twist/Stream.pm line 59.
no geo support:941 at /home/tomyhero/Twist/lib/Twist/Stream.pm line 59.
no geo support:sasakill at /home/tomyhero/Twist/lib/Twist/Stream.pm line 59.
no geo support:941 at /home/tomyhero/Twist/lib/Twist/Stream.pm line 59.
no geo support:yteppei at /home/tomyhero/Twist/lib/Twist/Stream.pm line 59.
no geo support:danbesan at /home/tomyhero/Twist/lib/Twist/Stream.pm line 59.
Use of uninitialized value in concatenation (.) or string at /home/tomyhero/Twist/lib/Twist/Stream.pm line 59.
no geo support: at /home/tomyhero/Twist/lib/Twist/Stream.pm line 59.
no geo support:hisaichi5518 at /home/tomyhero/Twist/lib/Twist/Stream.pm line 59.
no geo support:danbesan at /home/tomyhero/Twist/lib/Twist/Stream.pm line 59.
no geo support:danbesan at /home/tomyhero/Twist/lib/Twist/Stream.pm line 59.
no geo support:941 at /home/tomyhero/Twist/lib/Twist/Stream.pm line 59.
posted by:Popzappa at /home/tomyhero/Twist/lib/Twist/Stream.pm line 56.
posted by:Popzappa at /home/tomyhero/Twist/lib/Twist/Stream.pm line 56.
no geo support:danbesan at /home/tomyhero/Twist/lib/Twist/Stream.pm line 59.
no geo support:danbesan at /home/tomyhero/Twist/lib/Twist/Stream.pm line 59.
no geo support:Alpha_Hatuseno at /home/tomyhero/Twist/lib/Twist/Stream.pm line 59.
no geo support:take4_67 at /home/tomyhero/Twist/lib/Twist/Stream.pm line 59.
no geo support:941 at /home/tomyhero/Twist/lib/Twist/Stream.pm line 59.
no geo support:danbesan at /home/tomyhero/Twist/lib/Twist/Stream.pm line 59.
no geo support:a_raku_m0507 at /home/tomyhero/Twist/lib/Twist/Stream.pm line 59.
no geo support:danbesan at /home/tomyhero/Twist/lib/Twist/Stream.pm line 59.
ERROR: パイプが切断されました at /home/tomyhero/Twist/lib/Twist/Stream.pm line 64.
ERROR: パイプが切断されました at /home/tomyhero/Twist/lib/Twist/Stream.pm line 64.
ERROR: パイプが切断されました at /home/tomyhero/Twist/lib/Twist/Stream.pm line 64.
no geo support:941 at /home/tomyhero/Twist/lib/Twist/Stream.pm line 59.
ERROR: パイプが切断されました at /home/tomyhero/Twist/lib/Twist/Stream.pm line 64.
ERROR: パイプが切断されました at /home/tomyhero/Twist/lib/Twist/Stream.pm line 64.
no geo support:danbesan at /home/tomyhero/Twist/lib/Twist/Stream.pm line 59.
no geo support:941 at /home/tomyhero/Twist/lib/Twist/Stream.pm line 59.
no geo support:danbesan at /home/tomyhero/Twist/lib/Twist/Stream.pm line 59.
no geo support:nyupy at /home/tomyhero/Twist/lib/Twist/Stream.pm line 59.
no geo support:ifummy at /home/tomyhero/Twist/lib/Twist/Stream.pm line 59.
no geo support:usa_tom at /home/tomyhero/Twist/lib/Twist/Stream.pm line 59.
no geo support:danbesan at /home/tomyhero/Twist/lib/Twist/Stream.pm line 59.
no geo support:try_17 at /home/tomyhero/Twist/lib/Twist/Stream.pm line 59.
no geo support:choodoon at /home/tomyhero/Twist/lib/Twist/Stream.pm line 59.
no geo support:suzx at /home/tomyhero/Twist/lib/Twist/Stream.pm line 59.
no geo support:somedarling at /home/tomyhero/Twist/lib/Twist/Stream.pm line 59.
no geo support:overlast at /home/tomyhero/Twist/lib/Twist/Stream.pm line 59.
no geo support:imemi_p at /home/tomyhero/Twist/lib/Twist/Stream.pm line 59.
no geo support:saltimbanco at /home/tomyhero/Twist/lib/Twist/Stream.pm line 59.
no geo support:941 at /home/tomyhero/Twist/lib/Twist/Stream.pm line 59.
ERROR: パイプが切断されました at /home/tomyhero/Twist/lib/Twist/Stream.pm line 64.
no geo support:Qoo54 at /home/tomyhero/Twist/lib/Twist/Stream.pm line 59.
no geo support:satoruf at /home/tomyhero/Twist/lib/Twist/Stream.pm line 59.
no geo support:pikahamuko at /home/tomyhero/Twist/lib/Twist/Stream.pm line 59.
no geo support:Keeeeen5 at /home/tomyhero/Twist/lib/Twist/Stream.pm line 59.
no geo support:941 at /home/tomyhero/Twist/lib/Twist/Stream.pm line 59.
no geo support:danbesan at /home/tomyhero/Twist/lib/Twist/Stream.pm line 59.
no geo support:941 at /home/tomyhero/Twist/lib/Twist/Stream.pm line 73.
no geo support:uco_twinkle at /home/tomyhero/Twist/lib/Twist/Stream.pm line 73.
no geo support:livedoorblog at /home/tomyhero/Twist/lib/Twist/Stream.pm line 73.
no geo support:jiyohofu at /home/tomyhero/Twist/lib/Twist/Stream.pm line 73.
no geo support:quine10 at /home/tomyhero/Twist/lib/Twist/Stream.pm line 73.
no geo support:yamamoto at /home/tomyhero/Twist/lib/Twist/Stream.pm line 73.
no geo support:iciro at /home/tomyhero/Twist/lib/Twist/Stream.pm line 73.
